🔍 [2025-10-24 08:17:48] [check 1] Checking for existing instances...
✨ [2025-10-24 08:17:48] No previous instances found.
🔍 [2025-10-24 08:17:48] [check 2] Checking for existing instances...
✅ [2025-10-24 08:17:48] No other instances found.
🚀 [2025-10-24 08:17:48] Booting Local Print Server + Redis subscriber...
✅ [2025-10-24 08:17:48] Local Print Server is running on http://localhost:3005
✅ [2025-10-24 08:17:48] Redis is ready, setting up subscription...
📡 [2025-10-24 08:17:48] Subscribed successfully! Listening to 1 channel(s)...
🔍 [2025-10-24 08:17:52] [check 1] Checking for existing instances...
✨ [2025-10-24 08:17:53] No previous instances found.
🔍 [2025-10-24 08:17:53] [check 2] Checking for existing instances...
🧹 [2025-10-24 08:17:53] Killing old instance with PID 10244
🚀 [2025-10-24 08:17:53] Booting Local Print Server + Redis subscriber...
✅ [2025-10-24 08:17:53] Local Print Server is running on http://localhost:3005
✅ [2025-10-24 08:17:53] Redis is ready, setting up subscription...
📡 [2025-10-24 08:17:53] Subscribed successfully! Listening to 1 channel(s)...
🔍 [2025-10-24 08:17:58] [check 1] Checking for existing instances...
✨ [2025-10-24 08:17:59] No previous instances found.
🔍 [2025-10-24 08:17:59] [check 2] Checking for existing instances...
🧹 [2025-10-24 08:17:59] Killing old instance with PID 14548
🚀 [2025-10-24 08:17:59] Booting Local Print Server + Redis subscriber...
✅ [2025-10-24 08:17:59] Local Print Server is running on http://localhost:3005
✅ [2025-10-24 08:17:59] Redis is ready, setting up subscription...
📡 [2025-10-24 08:17:59] Subscribed successfully! Listening to 1 channel(s)...
💓 [2025-10-24 08:22:59] Redis heartbeat OK
💓 [2025-10-24 08:27:59] Redis heartbeat OK
🔍 [2025-10-24 08:29:43] [check 1] Checking for existing instances...
✨ [2025-10-24 08:29:43] No previous instances found.
🔍 [2025-10-24 08:29:43] [check 2] Checking for existing instances...
🧹 [2025-10-24 08:29:43] Killing old instance with PID 30100
🚀 [2025-10-24 08:29:43] Booting Local Print Server + Redis subscriber...
✅ [2025-10-24 08:29:43] Local Print Server is running on http://localhost:3005
✅ [2025-10-24 08:29:43] Redis is ready, setting up subscription...
📡 [2025-10-24 08:29:43] Subscribed successfully! Listening to 1 channel(s)...
💓 [2025-10-24 08:34:43] Redis heartbeat OK
❌ [2025-10-24 08:39:43] Redis error: read ECONNRESET
⚠️ [2025-10-24 08:39:43] Fatal Redis error detected — restarting system...
♻️ [2025-10-24 08:39:43] Restarting Local Print Server and Redis...
🧹 [2025-10-24 08:39:43] Redis subscriber closed.
🛑 [2025-10-24 08:39:43] Express server stopped.
💔 [2025-10-24 08:39:43] Redis heartbeat failed: Connection is closed.
🚀 [2025-10-24 08:39:46] Booting Local Print Server + Redis subscriber...
✅ [2025-10-24 08:39:46] Local Print Server is running on http://localhost:3005
✅ [2025-10-24 08:39:46] Redis is ready, setting up subscription...
📡 [2025-10-24 08:39:46] Subscribed successfully! Listening to 1 channel(s)...
💓 [2025-10-24 08:44:46] Redis heartbeat OK
💓 [2025-10-24 08:49:46] Redis heartbeat OK
💓 [2025-10-24 08:54:46] Redis heartbeat OK
💓 [2025-10-24 08:59:46] Redis heartbeat OK
💓 [2025-10-24 09:04:46] Redis heartbeat OK
💓 [2025-10-24 09:09:46] Redis heartbeat OK
💓 [2025-10-24 09:14:46] Redis heartbeat OK
💓 [2025-10-24 09:19:46] Redis heartbeat OK
💓 [2025-10-24 09:24:46] Redis heartbeat OK
💓 [2025-10-24 09:29:46] Redis heartbeat OK
💓 [2025-10-24 09:34:46] Redis heartbeat OK
💓 [2025-10-24 09:39:46] Redis heartbeat OK
💓 [2025-10-24 09:44:46] Redis heartbeat OK
💓 [2025-10-24 09:49:46] Redis heartbeat OK
💓 [2025-10-24 09:54:46] Redis heartbeat OK
⏳ [2025-10-24 09:59:43] Scheduled 1.5-hour restart triggered — refreshing system...
♻️ [2025-10-24 09:59:43] Restarting Local Print Server and Redis...
🧹 [2025-10-24 09:59:43] Redis subscriber closed.
🛑 [2025-10-24 09:59:43] Express server stopped.
🚀 [2025-10-24 09:59:46] Booting Local Print Server + Redis subscriber...
✅ [2025-10-24 09:59:46] Local Print Server is running on http://localhost:3005
✅ [2025-10-24 09:59:46] Redis is ready, setting up subscription...
📡 [2025-10-24 09:59:46] Subscribed successfully! Listening to 1 channel(s)...
💓 [2025-10-24 10:04:46] Redis heartbeat OK
💓 [2025-10-24 10:09:46] Redis heartbeat OK
💓 [2025-10-24 10:14:46] Redis heartbeat OK
💓 [2025-10-24 10:19:46] Redis heartbeat OK
💓 [2025-10-24 10:24:46] Redis heartbeat OK
💓 [2025-10-24 10:29:46] Redis heartbeat OK
💓 [2025-10-24 10:34:46] Redis heartbeat OK
💓 [2025-10-24 10:39:46] Redis heartbeat OK
💓 [2025-10-24 10:44:46] Redis heartbeat OK
💓 [2025-10-24 10:49:46] Redis heartbeat OK
💓 [2025-10-24 10:54:46] Redis heartbeat OK
